#
# There is insufficient memory for the Java Runtime Environment to continue.
# Native memory allocation (malloc) failed to allocate 32744 bytes for ChunkPool::allocate
# Possible reasons:
#   The system is out of physical RAM or swap space
#   In 32 bit mode, the process size limit was hit
# Possible solutions:
#   Reduce memory load on the system
#   Increase physical memory or swap space
#   Check if swap backing store is full
#   Use 64 bit Java on a 64 bit OS
#   Decrease Java heap size (-Xmx/-Xms)
#   Decrease number of Java threads
#   Decrease Java thread stack sizes (-Xss)
#   Set larger code cache with -XX:ReservedCodeCacheSize=
# This output file may be truncated or incomplete.
#
#  Out of Memory Error (allocation.cpp:273), pid=12364, tid=0x0000000000002bd4
#
# JRE version: Java(TM) SE Runtime Environment (8.0_101-b13) (build 1.8.0_101-b13)
# Java VM: Java HotSpot(TM) 64-Bit Server VM (25.101-b13 mixed mode windows-amd64 compressed oops)
# Failed to write core dump. Minidumps are not enabled by default on client versions of Windows
#

---------------  T H R E A D  ---------------

Current thread (0x0000000019809800):  JavaThread "C1 CompilerThread2" daemon [_thread_in_native, id=11220, stack(0x0000000019bc0000,0x0000000019cc0000)]

Stack: [0x0000000019bc0000,0x0000000019cc0000]
[error occurred during error reporting (printing stack bounds), id 0xc0000005]

Native frames: (J=compiled Java code, j=interpreted, Vv=VM code, C=native code)


Current CompileTask:
C1:  12638 4019   !   1       org.springframework.beans.factory.support.ConstructorResolver::instantiateUsingFactoryMethod (1488 bytes)


---------------  P R O C E S S  ---------------

Java Threads: ( => current thread )
  0x000000001c824000 JavaThread "container-0" [_thread_blocked, id=7656, stack(0x000000001e5d0000,0x000000001e6d0000)]
  0x000000001a8e1000 JavaThread "Catalina-utility-2" [_thread_blocked, id=12952, stack(0x000000001e4d0000,0x000000001e5d0000)]
  0x000000001a8e0800 JavaThread "Catalina-utility-1" [_thread_blocked, id=9804, stack(0x000000001e3d0000,0x000000001e4d0000)]
  0x000000001a454000 JavaThread "RMI Scheduler(0)" daemon [_thread_blocked, id=13020, stack(0x000000001b300000,0x000000001b400000)]
  0x000000001a431000 JavaThread "restartedMain" [_thread_blocked, id=12804, stack(0x000000001b200000,0x000000001b300000)]
  0x000000001a438000 JavaThread "RMI TCP Connection(1)-192.168.56.1" daemon [_thread_in_native, id=14332, stack(0x000000001b100000,0x000000001b200000)]
  0x000000001a434000 JavaThread "Thread-1" [_thread_blocked, id=16848, stack(0x000000001b000000,0x000000001b100000)]
  0x000000001a169800 JavaThread "RMI TCP Accept-0" daemon [_thread_in_native, id=14148, stack(0x000000001a900000,0x000000001aa00000)]
  0x0000000019823800 JavaThread "Service Thread" daemon [_thread_blocked, id=2512, stack(0x0000000019cc0000,0x0000000019dc0000)]
=>0x0000000019809800 JavaThread "C1 CompilerThread2" daemon [_thread_in_native, id=11220, stack(0x0000000019bc0000,0x0000000019cc0000)]
  0x0000000019807800 JavaThread "C2 CompilerThread1" daemon [_thread_blocked, id=1696, stack(0x0000000019ac0000,0x0000000019bc0000)]
  0x00000000197af000 JavaThread "C2 CompilerThread0" daemon [_thread_blocked, id=11736, stack(0x00000000199c0000,0x0000000019ac0000)]
  0x0000000019732000 JavaThread "Monitor Ctrl-Break" daemon [_thread_in_native, id=2444, stack(0x00000000198c0000,0x00000000199c0000)]
  0x0000000017e85800 JavaThread "Attach Listener" daemon [_thread_blocked, id=12432, stack(0x00000000193c0000,0x00000000194c0000)]
  0x0000000017e82000 JavaThread "Signal Dispatcher" daemon [_thread_blocked, id=9044, stack(0x00000000192c0000,0x00000000193c0000)]
  0x0000000017e6a800 JavaThread "Finalizer" daemon [_thread_blocked, id=14380, stack(0x00000000190d0000,0x00000000191d0000)]
  0x0000000003304000 JavaThread "Reference Handler" daemon [_thread_blocked, id=10860, stack(0x0000000018fd0000,0x00000000190d0000)]
  0x0000000003216000 JavaThread "main" [_thread_blocked, id=16092, stack(0x0000000003010000,0x0000000003110000)]

Other Threads:
  0x0000000017e47000 VMThread [stack: 0x0000000018ed0000,0x0000000018fd0000] [id=9192]
  0x000000001a1be800 WatcherThread [stack: 0x000000001aa00000,0x000000001ab00000] [id=9156]

VM state:at safepoint (normal execution)

VM Mutex/Monitor currently owned by a thread:  ([mutex/lock_event])
[0x0000000002f3d070] Threads_lock - owner thread: 0x0000000017e47000
[0x0000000002f3ce70] Heap_lock - owner thread: 0x000000001a431000

Heap:
 PSYoungGen      total 71680K, used 41443K [0x00000000d5c00000, 0x00000000da700000, 0x0000000100000000)
  eden space 66560K, 54% used [0x00000000d5c00000,0x00000000d7f7e4f8,0x00000000d9d00000)
  from space 5120K, 99% used [0x00000000da200000,0x00000000da6fa8e8,0x00000000da700000)
  to   space 5120K, 0% used [0x00000000d9d00000,0x00000000d9d00000,0x00000000da200000)
 ParOldGen       total 56832K, used 20202K [0x0000000081400000, 0x0000000084b80000, 0x00000000d5c00000)
  object space 56832K, 35% used [0x0000000081400000,0x00000000827ba8f8,0x0000000084b80000)
 Metaspace       used 34809K, capacity 36685K, committed 36864K, reserved 1083392K
  class space    used 4760K, capacity 5120K, committed 5120K, reserved 1048576K

Card table byte_map: [0x00000000126d0000,0x0000000012ad0000] byte_map_base: 0x00000000122c6000

Marking Bits: (ParMarkBitMap*) 0x000000006305a6d0
 Begin Bits: [0x0000000013180000, 0x0000000015130000)
 End Bits:   [0x0000000015130000, 0x00000000170e0000)

Polling page: 0x0000000000df0000

CodeCache: size=245760Kb used=7950Kb max_used=7950Kb free=237809Kb
 bounds [0x0000000003310000, 0x0000000003ae0000, 0x0000000012310000]
 total_blobs=4420 nmethods=3990 adapters=342
 compilation: enabled

Compilation events (10 events):
Event: 12.624 Thread 0x0000000019809800 nmethod 4014 0x0000000003ad2a50 code [0x0000000003ad2bc0, 0x0000000003ad2d68]
Event: 12.624 Thread 0x0000000019809800 4015       1       org.springframework.cglib.core.internal.LoadingCache::get (43 bytes)
Event: 12.624 Thread 0x0000000019809800 nmethod 4015 0x0000000003ad2e50 code [0x0000000003ad2fc0, 0x0000000003ad31c8]
Event: 12.624 Thread 0x0000000019809800 4016       1       org.springframework.cglib.core.AbstractClassGenerator$ClassLoaderData$2::apply (9 bytes)
Event: 12.624 Thread 0x0000000019809800 nmethod 4016 0x0000000003ad3290 code [0x0000000003ad33e0, 0x0000000003ad3530]
Event: 12.624 Thread 0x0000000019809800 4017       1       org.springframework.cglib.core.AbstractClassGenerator$ClassLoaderData$2::apply (5 bytes)
Event: 12.624 Thread 0x0000000019809800 nmethod 4017 0x0000000003ad3610 code [0x0000000003ad3760, 0x0000000003ad3870]
Event: 12.625 Thread 0x0000000019809800 4018       1       org.springframework.core.annotation.AnnotationUtils::findAnnotation (33 bytes)
Event: 12.625 Thread 0x0000000019809800 nmethod 4018 0x0000000003ad3910 code [0x0000000003ad3a80, 0x0000000003ad3cd8]
Event: 12.627 Thread 0x0000000019809800 4019   !   1       org.springframework.beans.factory.support.ConstructorResolver::instantiateUsingFactoryMethod (1488 bytes)

GC Heap History (10 events):
Event: 10.145 GC heap before
{Heap before GC invocations=8 (full 1):
 PSYoungGen      total 71680K, used 71664K [0x00000000d5c00000, 0x00000000da700000, 0x0000000100000000)
  eden space 66560K, 100% used [0x00000000d5c00000,0x00000000d9d00000,0x00000000d9d00000)
  from space 5120K, 99% used [0x00000000da200000,0x00000000da6fc010,0x00000000da700000)
  to   space 5120K, 0% used [0x00000000d9d00000,0x00000000d9d00000,0x00000000da200000)
 ParOldGen       total 56832K, used 9244K [0x0000000081400000, 0x0000000084b80000, 0x00000000d5c00000)
  object space 56832K, 16% used [0x0000000081400000,0x0000000081d07290,0x0000000084b80000)
 Metaspace       used 26856K, capacity 27890K, committed 28032K, reserved 1077248K
  class space    used 3667K, capacity 3935K, committed 3968K, reserved 1048576K
Event: 10.159 GC heap after
Heap after GC invocations=8 (full 1):
 PSYoungGen      total 71680K, used 5104K [0x00000000d5c00000, 0x00000000da700000, 0x0000000100000000)
  eden space 66560K, 0% used [0x00000000d5c00000,0x00000000d5c00000,0x00000000d9d00000)
  from space 5120K, 99% used [0x00000000d9d00000,0x00000000da1fc030,0x00000000da200000)
  to   space 5120K, 0% used [0x00000000da200000,0x00000000da200000,0x00000000da700000)
 ParOldGen       total 56832K, used 14964K [0x0000000081400000, 0x0000000084b80000, 0x00000000d5c00000)
  object space 56832K, 26% used [0x0000000081400000,0x000000008229d200,0x0000000084b80000)
 Metaspace       used 26856K, capacity 27890K, committed 28032K, reserved 1077248K
  class space    used 3667K, capacity 3935K, committed 3968K, reserved 1048576K
}
Event: 10.499 GC heap before
{Heap before GC invocations=9 (full 1):
 PSYoungGen      total 71680K, used 37134K [0x00000000d5c00000, 0x00000000da700000, 0x0000000100000000)
  eden space 66560K, 48% used [0x00000000d5c00000,0x00000000d7b47908,0x00000000d9d00000)
  from space 5120K, 99% used [0x00000000d9d00000,0x00000000da1fc030,0x00000000da200000)
  to   space 5120K, 0% used [0x00000000da200000,0x00000000da200000,0x00000000da700000)
 ParOldGen       total 56832K, used 14964K [0x0000000081400000, 0x0000000084b80000, 0x00000000d5c00000)
  object space 56832K, 26% used [0x0000000081400000,0x000000008229d200,0x0000000084b80000)
 Metaspace       used 28576K, capacity 30050K, committed 30080K, reserved 1077248K
  class space    used 3889K, capacity 4195K, committed 4224K, reserved 1048576K
Event: 10.514 GC heap after
Heap after GC invocations=9 (full 1):
 PSYoungGen      total 71680K, used 5104K [0x00000000d5c00000, 0x00000000da700000, 0x0000000100000000)
  eden space 66560K, 0% used [0x00000000d5c00000,0x00000000d5c00000,0x00000000d9d00000)
  from space 5120K, 99% used [0x00000000da200000,0x00000000da6fc030,0x00000000da700000)
  to   space 5120K, 0% used [0x00000000d9d00000,0x00000000d9d00000,0x00000000da200000)
 ParOldGen       total 56832K, used 17372K [0x0000000081400000, 0x0000000084b80000, 0x00000000d5c00000)
  object space 56832K, 30% used [0x0000000081400000,0x00000000824f7340,0x0000000084b80000)
 Metaspace       used 28576K, capacity 30050K, committed 30080K, reserved 1077248K
  class space    used 3889K, capacity 4195K, committed 4224K, reserved 1048576K
}
Event: 10.514 GC heap before
{Heap before GC invocations=10 (full 2):
 PSYoungGen      total 71680K, used 5104K [0x00000000d5c00000, 0x00000000da700000, 0x0000000100000000)
  eden space 66560K, 0% used [0x00000000d5c00000,0x00000000d5c00000,0x00000000d9d00000)
  from space 5120K, 99% used [0x00000000da200000,0x00000000da6fc030,0x00000000da700000)
  to   space 5120K, 0% used [0x00000000d9d00000,0x00000000d9d00000,0x00000000da200000)
 ParOldGen       total 56832K, used 17372K [0x0000000081400000, 0x0000000084b80000, 0x00000000d5c00000)
  object space 56832K, 30% used [0x0000000081400000,0x00000000824f7340,0x0000000084b80000)
 Metaspace       used 28576K, capacity 30050K, committed 30080K, reserved 1077248K
  class space    used 3889K, capacity 4195K, committed 4224K, reserved 1048576K
Event: 10.626 GC heap after
Heap after GC invocations=10 (full 2):
 PSYoungGen      total 71680K, used 0K [0x00000000d5c00000, 0x00000000da700000, 0x0000000100000000)
  eden space 66560K, 0% used [0x00000000d5c00000,0x00000000d5c00000,0x00000000d9d00000)
  from space 5120K, 0% used [0x00000000da200000,0x00000000da200000,0x00000000da700000)
  to   space 5120K, 0% used [0x00000000d9d00000,0x00000000d9d00000,0x00000000da200000)
 ParOldGen       total 56832K, used 14262K [0x0000000081400000, 0x0000000084b80000, 0x00000000d5c00000)
  object space 56832K, 25% used [0x0000000081400000,0x00000000821edaa8,0x0000000084b80000)
 Metaspace       used 28576K, capacity 30050K, committed 30080K, reserved 1077248K
  class space    used 3889K, capacity 4195K, committed 4224K, reserved 1048576K
}
Event: 11.182 GC heap before
{Heap before GC invocations=11 (full 2):
 PSYoungGen      total 71680K, used 66560K [0x00000000d5c00000, 0x00000000da700000, 0x0000000100000000)
  eden space 66560K, 100% used [0x00000000d5c00000,0x00000000d9d00000,0x00000000d9d00000)
  from space 5120K, 0% used [0x00000000da200000,0x00000000da200000,0x00000000da700000)
  to   space 5120K, 0% used [0x00000000d9d00000,0x00000000d9d00000,0x00000000da200000)
 ParOldGen       total 56832K, used 14262K [0x0000000081400000, 0x0000000084b80000, 0x00000000d5c00000)
  object space 56832K, 25% used [0x0000000081400000,0x00000000821edaa8,0x0000000084b80000)
 Metaspace       used 30598K, capacity 32148K, committed 32384K, reserved 1079296K
  class space    used 4117K, capacity 4422K, committed 4480K, reserved 1048576K
Event: 11.190 GC heap after
Heap after GC invocations=11 (full 2):
 PSYoungGen      total 71680K, used 5119K [0x00000000d5c00000, 0x00000000da700000, 0x0000000100000000)
  eden space 66560K, 0% used [0x00000000d5c00000,0x00000000d5c00000,0x00000000d9d00000)
  from space 5120K, 99% used [0x00000000d9d00000,0x00000000da1ffe58,0x00000000da200000)
  to   space 5120K, 0% used [0x00000000da200000,0x00000000da200000,0x00000000da700000)
 ParOldGen       total 56832K, used 16748K [0x0000000081400000, 0x0000000084b80000, 0x00000000d5c00000)
  object space 56832K, 29% used [0x0000000081400000,0x000000008245b088,0x0000000084b80000)
 Metaspace       used 30598K, capacity 32148K, committed 32384K, reserved 1079296K
  class space    used 4117K, capacity 4422K, committed 4480K, reserved 1048576K
}
Event: 12.254 GC heap before
{Heap before GC invocations=12 (full 2):
 PSYoungGen      total 71680K, used 71679K [0x00000000d5c00000, 0x00000000da700000, 0x0000000100000000)
  eden space 66560K, 100% used [0x00000000d5c00000,0x00000000d9d00000,0x00000000d9d00000)
  from space 5120K, 99% used [0x00000000d9d00000,0x00000000da1ffe58,0x00000000da200000)
  to   space 5120K, 0% used [0x00000000da200000,0x00000000da200000,0x00000000da700000)
 ParOldGen       total 56832K, used 16748K [0x0000000081400000, 0x0000000084b80000, 0x00000000d5c00000)
  object space 56832K, 29% used [0x0000000081400000,0x000000008245b088,0x0000000084b80000)
 Metaspace       used 33152K, capacity 34922K, committed 35072K, reserved 1083392K
  class space    used 4508K, capacity 4855K, committed 4864K, reserved 1048576K
Event: 12.265 GC heap after
Heap after GC invocations=12 (full 2):
 PSYoungGen      total 71680K, used 5098K [0x00000000d5c00000, 0x00000000da700000, 0x0000000100000000)
  eden space 66560K, 0% used [0x00000000d5c00000,0x00000000d5c00000,0x00000000d9d00000)
  from space 5120K, 99% used [0x00000000da200000,0x00000000da6fa8e8,0x00000000da700000)
  to   space 5120K, 0% used [0x00000000d9d00000,0x00000000d9d00000,0x00000000da200000)
 ParOldGen       total 56832K, used 20202K [0x0000000081400000, 0x0000000084b80000, 0x00000000d5c00000)
  object space 56832K, 35% used [0x0000000081400000,0x00000000827ba8f8,0x0000000084b80000)
 Metaspace       used 33152K, capacity 34922K, committed 35072K, reserved 1083392K
  class space    used 4508K, capacity 4855K, committed 4864K, reserved 1048576K
}

Deoptimization events (0 events):
No events

Internal exceptions (10 events):
Event: 12.598 Thread 0x000000001a431000 Exception <a 'java/lang/ArrayIndexOutOfBoundsException'> (0x00000000d7b8d008) thrown at [C:\re\workspace\8-2-build-windows-amd64-cygwin\jdk8u101\7261\hotspot\src\share\vm\runtime\sharedRuntime.cpp, line 605]
Event: 12.598 Thread 0x000000001a431000 Exception <a 'java/lang/ArrayIndexOutOfBoundsException'> (0x00000000d7b8ea20) thrown at [C:\re\workspace\8-2-build-windows-amd64-cygwin\jdk8u101\7261\hotspot\src\share\vm\runtime\sharedRuntime.cpp, line 605]
Event: 12.606 Thread 0x000000001a431000 Exception <a 'java/lang/ArrayIndexOutOfBoundsException'> (0x00000000d7c5f240) thrown at [C:\re\workspace\8-2-build-windows-amd64-cygwin\jdk8u101\7261\hotspot\src\share\vm\runtime\sharedRuntime.cpp, line 605]
Event: 12.606 Thread 0x000000001a431000 Exception <a 'java/lang/ArrayIndexOutOfBoundsException'> (0x00000000d7c615b8) thrown at [C:\re\workspace\8-2-build-windows-amd64-cygwin\jdk8u101\7261\hotspot\src\share\vm\runtime\sharedRuntime.cpp, line 605]
Event: 12.606 Thread 0x000000001a431000 Exception <a 'java/lang/ArrayIndexOutOfBoundsException'> (0x00000000d7c633e8) thrown at [C:\re\workspace\8-2-build-windows-amd64-cygwin\jdk8u101\7261\hotspot\src\share\vm\runtime\sharedRuntime.cpp, line 605]
Event: 12.606 Thread 0x000000001a431000 Exception <a 'java/lang/ArrayIndexOutOfBoundsException'> (0x00000000d7c672f0) thrown at [C:\re\workspace\8-2-build-windows-amd64-cygwin\jdk8u101\7261\hotspot\src\share\vm\runtime\sharedRuntime.cpp, line 605]
Event: 12.606 Thread 0x000000001a431000 Exception <a 'java/lang/ArrayIndexOutOfBoundsException'> (0x00000000d7c69138) thrown at [C:\re\workspace\8-2-build-windows-amd64-cygwin\jdk8u101\7261\hotspot\src\share\vm\runtime\sharedRuntime.cpp, line 605]
Event: 12.606 Thread 0x000000001a431000 Exception <a 'java/lang/ArrayIndexOutOfBoundsException'> (0x00000000d7c6dc18) thrown at [C:\re\workspace\8-2-build-windows-amd64-cygwin\jdk8u101\7261\hotspot\src\share\vm\runtime\sharedRuntime.cpp, line 605]
Event: 12.607 Thread 0x000000001a431000 Exception <a 'java/lang/ArrayIndexOutOfBoundsException'> (0x00000000d7c6fb78) thrown at [C:\re\workspace\8-2-build-windows-amd64-cygwin\jdk8u101\7261\hotspot\src\share\vm\runtime\sharedRuntime.cpp, line 605]
Event: 12.607 Thread 0x000000001a431000 Exception <a 'java/lang/ArrayIndexOutOfBoundsException'> (0x00000000d7c716a8) thrown at [C:\re\workspace\8-2-build-windows-amd64-cygwin\jdk8u101\7261\hotspot\src\share\vm\runtime\sharedRuntime.cpp, line 605]

Events (10 events):
Event: 12.629 loading class org/springframework/scheduling/concurrent/ThreadPoolTaskExecutor done
Event: 12.630 loading class org/springframework/scheduling/concurrent/ThreadPoolTaskExecutor
Event: 12.630 loading class org/springframework/scheduling/concurrent/ThreadPoolTaskExecutor done
Event: 12.630 loading class org/springframework/scheduling/concurrent/ThreadPoolTaskExecutor
Event: 12.630 loading class org/springframework/scheduling/concurrent/ThreadPoolTaskExecutor done
Event: 12.631 loading class org/springframework/scheduling/concurrent/ThreadPoolTaskExecutor
Event: 12.631 loading class org/springframework/scheduling/concurrent/ThreadPoolTaskExecutor done
Event: 12.631 loading class org/springframework/scheduling/concurrent/ThreadPoolTaskExecutor
Event: 12.631 loading class org/springframework/scheduling/concurrent/ThreadPoolTaskExecutor done
Event: 12.632 Executing VM operation: CollectForMetadataAllocation


Dynamic libraries:
0x00007ff7baaf0000 - 0x00007ff7bab27000 	C:\Program Files\Java\jdk1.8.0_101\bin\java.exe
0x00007ffd831f0000 - 0x00007ffd833d1000 	C:\WINDOWS\SYSTEM32\ntdll.dll
0x00007ffd808c0000 - 0x00007ffd80971000 	C:\WINDOWS\System32\KERNEL32.DLL
0x00007ffd80370000 - 0x00007ffd805e3000 	C:\WINDOWS\System32\KERNELBASE.dll
0x00007ffd82930000 - 0x00007ffd829d1000 	C:\WINDOWS\System32\ADVAPI32.dll
0x00007ffd80df0000 - 0x00007ffd80e8e000 	C:\WINDOWS\System32\msvcrt.dll
0x00007ffd82760000 - 0x00007ffd827bb000 	C:\WINDOWS\System32\sechost.dll
0x00007ffd80ea0000 - 0x00007ffd80fc4000 	C:\WINDOWS\System32\RPCRT4.dll
0x00007ffd82420000 - 0x00007ffd825b0000 	C:\WINDOWS\System32\USER32.dll
0x00007ffd80010000 - 0x00007ffd80030000 	C:\WINDOWS\System32\win32u.dll
0x00007ffd82890000 - 0x00007ffd828b8000 	C:\WINDOWS\System32\GDI32.dll
0x00007ffd800d0000 - 0x00007ffd80261000 	C:\WINDOWS\System32\gdi32full.dll
0x00007ffd80030000 - 0x00007ffd800cf000 	C:\WINDOWS\System32\msvcp_win.dll
0x00007ffd80270000 - 0x00007ffd80368000 	C:\WINDOWS\System32\ucrtbase.dll
0x00007ffd6e7d0000 - 0x00007ffd6ea39000 	C:\WINDOWS\WinSxS\amd64_microsoft.windows.common-controls_6595b64144ccf1df_6.0.17134.1038_none_d3fe8c457c918b86\COMCTL32.dll
0x00007ffd82e90000 - 0x00007ffd831b1000 	C:\WINDOWS\System32\combase.dll
0x00007ffd805f0000 - 0x00007ffd80669000 	C:\WINDOWS\System32\bcryptPrimitives.dll
0x00007ffd807a0000 - 0x00007ffd807cd000 	C:\WINDOWS\System32\IMM32.DLL
0x0000000065180000 - 0x0000000065252000 	C:\Program Files\Java\jdk1.8.0_101\jre\bin\msvcr100.dll
0x0000000062840000 - 0x00000000630da000 	C:\Program Files\Java\jdk1.8.0_101\jre\bin\server\jvm.dll
0x00007ffd82750000 - 0x00007ffd82758000 	C:\WINDOWS\System32\PSAPI.DLL
0x00007ffd73c50000 - 0x00007ffd73c59000 	C:\WINDOWS\SYSTEM32\WSOCK32.dll
0x00007ffd73600000 - 0x00007ffd73623000 	C:\WINDOWS\SYSTEM32\WINMM.dll
0x00007ffd828c0000 - 0x00007ffd8292c000 	C:\WINDOWS\System32\WS2_32.dll
0x00007ffd745d0000 - 0x00007ffd745da000 	C:\WINDOWS\SYSTEM32\VERSION.dll
0x00007ffd73510000 - 0x00007ffd7353a000 	C:\WINDOWS\SYSTEM32\WINMMBASE.dll
0x00007ffd7ffc0000 - 0x00007ffd80009000 	C:\WINDOWS\System32\cfgmgr32.dll
0x0000000065170000 - 0x000000006517f000 	C:\Program Files\Java\jdk1.8.0_101\jre\bin\verify.dll
0x0000000065140000 - 0x0000000065169000 	C:\Program Files\Java\jdk1.8.0_101\jre\bin\java.dll
0x00000000650f0000 - 0x0000000065113000 	C:\Program Files\Java\jdk1.8.0_101\jre\bin\instrument.dll
0x0000000065120000 - 0x0000000065136000 	C:\Program Files\Java\jdk1.8.0_101\jre\bin\zip.dll
0x00007ffd80fd0000 - 0x00007ffd82414000 	C:\WINDOWS\System32\SHELL32.dll
0x00007ffd80670000 - 0x00007ffd80719000 	C:\WINDOWS\System32\shcore.dll
0x00007ffd7f8b0000 - 0x00007ffd7ffc0000 	C:\WINDOWS\System32\windows.storage.dll
0x00007ffd80990000 - 0x00007ffd809e1000 	C:\WINDOWS\System32\shlwapi.dll
0x00007ffd7f590000 - 0x00007ffd7f5a1000 	C:\WINDOWS\System32\kernel.appcore.dll
0x00007ffd7f4f0000 - 0x00007ffd7f50f000 	C:\WINDOWS\System32\profapi.dll
0x00007ffd7f540000 - 0x00007ffd7f58c000 	C:\WINDOWS\System32\powrprof.dll
0x00007ffd7f530000 - 0x00007ffd7f53a000 	C:\WINDOWS\System32\FLTLIB.DLL
0x00007ffd6ead0000 - 0x00007ffd6eaea000 	C:\Program Files\JetBrains\IntelliJ IDEA 2019.1.2\bin\breakgen64.dll
0x00000000650d0000 - 0x00000000650ea000 	C:\Program Files\Java\jdk1.8.0_101\jre\bin\net.dll
0x00007ffd7ed10000 - 0x00007ffd7ed76000 	C:\WINDOWS\system32\mswsock.dll
0x00007ffd7eaa0000 - 0x00007ffd7eb5e000 	C:\WINDOWS\SYSTEM32\DNSAPI.dll
0x00007ffd80e90000 - 0x00007ffd80e98000 	C:\WINDOWS\System32\NSI.dll
0x00007ffd7ea60000 - 0x00007ffd7ea98000 	C:\WINDOWS\SYSTEM32\IPHLPAPI.DLL
0x00007ffd75ed0000 - 0x00007ffd75eda000 	C:\Windows\System32\rasadhlp.dll
0x00007ffd76890000 - 0x00007ffd76902000 	C:\WINDOWS\System32\fwpuclnt.dll
0x00007ffd7eff0000 - 0x00007ffd7f015000 	C:\WINDOWS\SYSTEM32\bcrypt.dll
0x00000000650c0000 - 0x00000000650cd000 	C:\Program Files\Java\jdk1.8.0_101\jre\bin\management.dll
0x00000000650a0000 - 0x00000000650b1000 	C:\Program Files\Java\jdk1.8.0_101\jre\bin\nio.dll
0x00007ffd7eec0000 - 0x00007ffd7eed7000 	C:\WINDOWS\SYSTEM32\CRYPTSP.dll
0x00007ffd7e8c0000 - 0x00007ffd7e8f3000 	C:\WINDOWS\system32\rsaenh.dll
0x00007ffd7f420000 - 0x00007ffd7f448000 	C:\WINDOWS\SYSTEM32\USERENV.dll
0x00007ffd7eee0000 - 0x00007ffd7eeeb000 	C:\WINDOWS\SYSTEM32\CRYPTBASE.dll
0x00007ffd777b0000 - 0x00007ffd777c6000 	C:\WINDOWS\SYSTEM32\dhcpcsvc6.DLL
0x00007ffd77790000 - 0x00007ffd777aa000 	C:\WINDOWS\SYSTEM32\dhcpcsvc.DLL
0x00007ffd77e70000 - 0x00007ffd77e86000 	C:\WINDOWS\system32\napinsp.dll
0x00007ffd77e40000 - 0x00007ffd77e5a000 	C:\WINDOWS\system32\pnrpnsp.dll
0x00007ffd7ac20000 - 0x00007ffd7ac39000 	C:\WINDOWS\system32\NLAapi.dll
0x00007ffd77e10000 - 0x00007ffd77e1e000 	C:\WINDOWS\System32\winrnr.dll
0x00007ffd796f0000 - 0x00007ffd79705000 	C:\WINDOWS\System32\wshbth.dll

VM Arguments:
jvm_args: -XX:TieredStopAtLevel=1 -Xverify:none -Dspring.output.ansi.enabled=always -Dcom.sun.management.jmxremote -Dspring.jmx.enabled=true -Dspring.liveBeansView.mbeanDomain -Dspring.application.admin.enabled=true -javaagent:C:\Program Files\JetBrains\IntelliJ IDEA 2019.1.2\lib\idea_rt.jar=59295:C:\Program Files\JetBrains\IntelliJ IDEA 2019.1.2\bin -Dfile.encoding=UTF-8 
java_command: com.devsubho.microservices.springcloudconfigserver.SpringCloudConfigServerApplication
java_class_path (initial): C:\Program Files\Java\jdk1.8.0_101\jre\lib\charsets.jar;C:\Program Files\Java\jdk1.8.0_101\jre\lib\deploy.jar;C:\Program Files\Java\jdk1.8.0_101\jre\lib\ext\access-bridge-64.jar;C:\Program Files\Java\jdk1.8.0_101\jre\lib\ext\cldrdata.jar;C:\Program Files\Java\jdk1.8.0_101\jre\lib\ext\dnsns.jar;C:\Program Files\Java\jdk1.8.0_101\jre\lib\ext\jaccess.jar;C:\Program Files\Java\jdk1.8.0_101\jre\lib\ext\jfxrt.jar;C:\Program Files\Java\jdk1.8.0_101\jre\lib\ext\localedata.jar;C:\Program Files\Java\jdk1.8.0_101\jre\lib\ext\nashorn.jar;C:\Program Files\Java\jdk1.8.0_101\jre\lib\ext\sunec.jar;C:\Program Files\Java\jdk1.8.0_101\jre\lib\ext\sunjce_provider.jar;C:\Program Files\Java\jdk1.8.0_101\jre\lib\ext\sunmscapi.jar;C:\Program Files\Java\jdk1.8.0_101\jre\lib\ext\sunpkcs11.jar;C:\Program Files\Java\jdk1.8.0_101\jre\lib\ext\zipfs.jar;C:\Program Files\Java\jdk1.8.0_101\jre\lib\javaws.jar;C:\Program Files\Java\jdk1.8.0_101\jre\lib\jce.jar;C:\Program Files\Java\jdk1.8.0_101\jre\lib\jfr.jar;C:\Program Files\Java\jdk1.8.0_101\jre\lib\jfxswt.jar;C:\Program Files\Java\jdk1.8.0_101\jre\lib\jsse.jar;C:\Program Files\Java\jdk1.8.0_101\jre\lib\management-agent.jar;C:\Program Files\Java\jdk1.8.0_101\jre\lib\plugin.jar;C:\Program Files\Java\jdk1.8.0_101\jre\lib\resources.jar;C:\Program Files\Java\jdk1.8.0_101\jre\lib\rt.jar;G:\GitHub Projects\Udemy-Projects\MASTER MICROSERVICES\Spring MICROSERVICES\spring-cloud-config-server\target\classes;C:\Users\SHYAMAL\.m2\repository\org\springframework\cloud\spring-cloud-config-server\2.1.4.RELEASE\spring-cloud-config-server-2.1.4.RELEASE.jar;C:\Users\SHYAMAL\.m2\repository\org\springframework\cloud\spring-cloud-config-client\2.1.4.RELEASE\spring-cloud-config-client-2.1.4.RELEASE.jar;C:\Users\SHYAMAL\.m2\repository\org\springframework\cloud\spring-cloud-commons\2.1.3.RELEASE\spring-cloud-commons-2.1.3.RELEASE.jar;C:\Users\SHYAMAL\.m2\repository\org\springframework\cloud\spring-cloud-context\2.1.3.RELEASE\spring-cloud-conte
Launcher Type: SUN_STANDARD

Environment Variables:
JAVA_HOME=C:\Program Files\Java\jdk1.8.0_101
PATH=C:\Program Files (x86)\Common Files\Oracle\Java\javapath;C:\oraclexe\app\oracle\product\10.2.0\server\bin;C:\ProgramData\Oracle\Java\javapath;C:\WINDOWS\system32;C:\WINDOWS;C:\WINDOWS\System32\Wbem;C:\WINDOWS\System32\WindowsPowerShell\v1.0\;C:\Program Files\Java\jdk1.8.0_101\bin;C:\Program Files\Intel\WiFi\bin\;C:\Program Files\Common Files\Intel\WirelessCommon\;C:\Program Files (x86)\Microsoft SQL Server\100\Tools\Binn\;C:\Program Files\Microsoft SQL Server\100\Tools\Binn\;C:\Program Files\Microsoft SQL Server\100\DTS\Binn\;C:\Program Files (x86)\Microsoft SQL Server\100\Tools\Binn\VSShell\Common7\IDE\;C:\Program Files (x86)\Microsoft Visual Studio 9.0\Common7\IDE\PrivateAssemblies\;C:\Program Files (x86)\Microsoft SQL Server\100\DTS\Binn\;C:\WINDOWS\System32\OpenSSH\;C:\Program Files\nodejs\;C:\Program Files (x86)\MySQL\MySQL Fabric 1.5 & MySQL Utilities 1.5\;C:\Program Files (x86)\MySQL\MySQL Fabric 1.5 & MySQL Utilities 1.5\Doctrine extensions for PHP\;C:\Program Files\dotnet\;C:\Program Files\Microsoft SQL Server\130\Tools\Binn\;C:\Program Files\Git\cmd;C:\Users\SHYAMAL\Anaconda3;C:\Users\SHYAMAL\Anaconda3\Scripts;C:\Users\SHYAMAL\Anaconda3\Library\bin;C:\Users\SHYAMAL\AppData\Local\Microsoft\WindowsApps;C:\Users\SHYAMAL\AppData\Local\GitHubDesktop\bin;C:\Users\SHYAMAL\AppData\Local\Microsoft\WindowsApps;C:\Users\SHYAMAL\AppData\Roaming\npm;C:\Program Files\Apache\maven\bin;C:\Program Files (x86)\JetBrains\IntelliJ IDEA 2016.3.4\bin;;C:\Users\SHYAMAL\AppData\Local\Programs\Microsoft VS Code\bin
USERNAME=SUBHAJIT
OS=Windows_NT
PROCESSOR_IDENTIFIER=Intel64 Family 6 Model 61 Stepping 4, GenuineIntel



---------------  S Y S T E M  ---------------

OS: Windows 10.0 , 64 bit Build 17134 (10.0.17134.753)

CPU:total 4 (2 cores per cpu, 2 threads per core) family 6 model 61 stepping 4, cmov, cx8, fxsr, mmx, sse, sse2, sse3, ssse3, sse4.1, sse4.2, popcnt, avx, avx2, aes, clmul, erms, 3dnowpref, lzcnt, ht, tsc, tscinvbit, bmi1, bmi2, adx

Memory: 4k page, physical 8301648k(2298436k free), swap 12397648k(5152k free)

vm_info: Java HotSpot(TM) 64-Bit Server VM (25.101-b13) for windows-amd64 JRE (1.8.0_101-b13), built on Jun 22 2016 01:21:29 by "java_re" with MS VC++ 10.0 (VS2010)

time: Sun Oct 06 22:21:56 2019
elapsed time: 12 seconds (0d 0h 0m 12s)

